2003.06.16 11:29 B C:\Documents and Settings\kellys\My Documents\Kelly Misc\WEB CLIENTS\jazzraga.com\jazzraga\images\bg_header.jpg --> jazzraga.com /home/jazzraga/www/images bg_header.jpg
2003.06.16 11:29 B C:\Documents and Settings\kellys\My Documents\Kelly Misc\WEB CLIENTS\jazzraga.com\jazzraga\images\bg_sitar.jpg --> jazzraga.com /home/jazzraga/www/images bg_sitar.jpg
2003.06.16 11:29 B C:\Documents and Settings\kellys\My Documents\Kelly Misc\WEB CLIENTS\jazzraga.com\jazzraga\images\bgimage.jpg --> jazzraga.com /home/jazzraga/www/images bgimage.jpg
2003.06.16 11:29 B C:\Documents and Settings\kellys\My Documents\Kelly Misc\WEB CLIENTS\jazzraga.com\jazzraga\images\bgimage3.jpg --> jazzraga.com /home/jazzraga/www/images bgimage3.jpg
2003.06.16 11:29 B C:\Documents and Settings\kellys\My Documents\Kelly Misc\WEB CLIENTS\jazzraga.com\jazzraga\images\biography.jpg --> jazzraga.com /home/jazzraga/www/images biography.jpg
2003.06.16 11:29 B C:\Documents and Settings\kellys\My Documents\Kelly Misc\WEB CLIENTS\jazzraga.com\jazzraga\images\blank_spacer.gif --> jazzraga.com /home/jazzraga/www/images blank_spacer.gif
2003.06.16 11:29 B C:\Documents and Settings\kellys\My Documents\Kelly Misc\WEB CLIENTS\jazzraga.com\jazzraga\images\contact.jpg --> jazzraga.com /home/jazzraga/www/images contact.jpg
2003.06.16 11:29 B C:\Documents and Settings\kellys\My Documents\Kelly Misc\WEB CLIENTS\jazzraga.com\jazzraga\images\footer.jpg --> jazzraga.com /home/jazzraga/www/images footer.jpg
2003.06.16 11:29 B C:\Documents and Settings\kellys\My Documents\Kelly Misc\WEB CLIENTS\jazzraga.com\jazzraga\images\footerspacer.gif --> jazzraga.com /home/jazzraga/www/images footerspacer.gif
2003.06.16 11:29 B C:\Documents and Settings\kellys\My Documents\Kelly Misc\WEB CLIENTS\jazzraga.com\jazzraga\images\HEADER.jpg --> jazzraga.com /home/jazzraga/www/images HEADER.jpg
2003.06.16 11:29 B C:\Documents and Settings\kellys\My Documents\Kelly Misc\WEB CLIENTS\jazzraga.com\jazzraga\images\herguru.jpg --> jazzraga.com /home/jazzraga/www/images herguru.jpg
2003.06.16 11:29 B C:\Documents and Settings\kellys\My Documents\Kelly Misc\WEB CLIENTS\jazzraga.com\jazzraga\images\image5UH.jpg --> jazzraga.com /home/jazzraga/www/images image5UH.jpg
2003.06.16 11:29 B C:\Documents and Settings\kellys\My Documents\Kelly Misc\WEB CLIENTS\jazzraga.com\jazzraga\images\image6AH.jpg --> jazzraga.com /home/jazzraga/www/images image6AH.jpg
2003.06.16 11:29 B C:\Documents and Settings\kellys\My Documents\Kelly Misc\WEB CLIENTS\jazzraga.com\jazzraga\images\itinerary.jpg --> jazzraga.com /home/jazzraga/www/images itinerary.jpg
2003.06.16 11:29 B C:\Documents and Settings\kellys\My Documents\Kelly Misc\WEB CLIENTS\jazzraga.com\jazzraga\images\l_nav_spacer.jpg --> jazzraga.com /home/jazzraga/www/images l_nav_spacer.jpg
2003.06.16 11:29 B C:\Documents and Settings\kellys\My Documents\Kelly Misc\WEB CLIENTS\jazzraga.com\jazzraga\images\lee.jpg --> jazzraga.com /home/jazzraga/www/images lee.jpg
2003.06.16 11:29 B C:\Documents and Settings\kellys\My Documents\Kelly Misc\WEB CLIENTS\jazzraga.com\jazzraga\images\lee_falls_intothe_Ganges.jpg --> jazzraga.com /home/jazzraga/www/images lee_falls_intothe_Ganges.jpg
2003.06.16 11:29 B C:\Documents and Settings\kellys\My Documents\Kelly Misc\WEB CLIENTS\jazzraga.com\jazzraga\images\Lee_Guruji_Shabda_kahnRikM.jpg --> jazzraga.com /home/jazzraga/www/images Lee_Guruji_Shabda_kahnRikM.jpg
2003.06.16 11:29 B C:\Documents and Settings\kellys\My Documents\Kelly Misc\WEB CLIENTS\jazzraga.com\jazzraga\images\Lee_HayatRubardt_Initiatio.jpg --> jazzraga.com /home/jazzraga/www/images Lee_HayatRubardt_Initiatio.jpg
2003.06.16 11:29 B C:\Documents and Settings\kellys\My Documents\Kelly Misc\WEB CLIENTS\jazzraga.com\jazzraga\images\Lee_MishaMasud_LincolnCen.jpg --> jazzraga.com /home/jazzraga/www/images Lee_MishaMasud_LincolnCen.jpg
2003.06.16 11:29 B C:\Documents and Settings\kellys\My Documents\Kelly Misc\WEB CLIENTS\jazzraga.com\jazzraga\images\LeeSwingingontheVines.jpg --> jazzraga.com /home/jazzraga/www/images LeeSwingingontheVines.jpg
2003.06.16 11:29 B C:\Documents and Settings\kellys\My Documents\Kelly Misc\WEB CLIENTS\jazzraga.com\jazzraga\images\LeewithHelenMerrillinJapan.jpg --> jazzraga.com /home/jazzraga/www/images LeewithHelenMerrillinJapan.jpg
2003.06.16 11:29 B C:\Documents and Settings\kellys\My Documents\Kelly Misc\WEB CLIENTS\jazzraga.com\jazzraga\images\nav_layers.psd --> jazzraga.com /home/jazzraga/www/images nav_layers.psd
2003.06.16 11:29 B C:\Documents and Settings\kellys\My Documents\Kelly Misc\WEB CLIENTS\jazzraga.com\jazzraga\images\nav_spacer1.jpg --> jazzraga.com /home/jazzraga/www/images nav_spacer1.jpg
2003.06.16 11:29 B C:\Documents and Settings\kellys\My Documents\Kelly Misc\WEB CLIENTS\jazzraga.com\jazzraga\images\nav_spacer2.jpg --> jazzraga.com /home/jazzraga/www/images nav_spacer2.jpg
2003.06.16 11:29 B C:\Documents and Settings\kellys\My Documents\Kelly Misc\WEB CLIENTS\jazzraga.com\jazzraga\images\nav_spacer3.jpg --> jazzraga.com /home/jazzraga/www/images nav_spacer3.jpg
2003.06.16 11:29 B C:\Documents and Settings\kellys\My Documents\Kelly Misc\WEB CLIENTS\jazzraga.com\jazzraga\images\nav_spacer4.jpg --> jazzraga.com /home/jazzraga/www/images nav_spacer4.jpg
2003.06.16 11:29 B C:\Documents and Settings\kellys\My Documents\Kelly Misc\WEB CLIENTS\jazzraga.com\jazzraga\images\navbio.jpg --> jazzraga.com /home/jazzraga/www/images navbio.jpg
2003.06.16 11:29 B C:\Documents and Settings\kellys\My Documents\Kelly Misc\WEB CLIENTS\jazzraga.com\jazzraga\images\navbio_roll.jpg --> jazzraga.com /home/jazzraga/www/images navbio_roll.jpg
2003.06.16 11:29 B C:\Documents and Settings\kellys\My Documents\Kelly Misc\WEB CLIENTS\jazzraga.com\jazzraga\images\navcontact.jpg --> jazzraga.com /home/jazzraga/www/images navcontact.jpg
2003.06.16 11:29 B C:\Documents and Settings\kellys\My Documents\Kelly Misc\WEB CLIENTS\jazzraga.com\jazzraga\images\navcontact_roll.jpg --> jazzraga.com /home/jazzraga/www/images navcontact_roll.jpg
2003.06.16 11:29 B C:\Documents and Settings\kellys\My Documents\Kelly Misc\WEB CLIENTS\jazzraga.com\jazzraga\images\navitinerary.jpg --> jazzraga.com /home/jazzraga/www/images navitinerary.jpg
2003.06.16 11:29 B C:\Documents and Settings\kellys\My Documents\Kelly Misc\WEB CLIENTS\jazzraga.com\jazzraga\images\navitinerary_roll.jpg --> jazzraga.com /home/jazzraga/www/images navitinerary_roll.jpg
2003.06.16 11:29 B C:\Documents and Settings\kellys\My Documents\Kelly Misc\WEB CLIENTS\jazzraga.com\jazzraga\images\navphoto.jpg --> jazzraga.com /home/jazzraga/www/images navphoto.jpg
2003.06.16 11:29 B C:\Documents and Settings\kellys\My Documents\Kelly Misc\WEB CLIENTS\jazzraga.com\jazzraga\images\navphoto_roll.jpg --> jazzraga.com /home/jazzraga/www/images navphoto_roll.jpg
2003.06.16 11:29 B C:\Documents and Settings\kellys\My Documents\Kelly Misc\WEB CLIENTS\jazzraga.com\jazzraga\images\navrecord.jpg --> jazzraga.com /home/jazzraga/www/images navrecord.jpg
2003.06.16 11:29 B C:\Documents and Settings\kellys\My Documents\Kelly Misc\WEB CLIENTS\jazzraga.com\jazzraga\images\navrecord_roll.jpg --> jazzraga.com /home/jazzraga/www/images navrecord_roll.jpg
2003.06.16 11:29 B C:\Documents and Settings\kellys\My Documents\Kelly Misc\WEB CLIENTS\jazzraga.com\jazzraga\images\photos.jpg --> jazzraga.com /home/jazzraga/www/images photos.jpg
2003.06.16 11:29 B C:\Documents and Settings\kellys\My Documents\Kelly Misc\WEB CLIENTS\jazzraga.com\jazzraga\images\recording.jpg --> jazzraga.com /home/jazzraga/www/images recording.jpg
2003.06.16 11:29 B C:\Documents and Settings\kellys\My Documents\Kelly Misc\WEB CLIENTS\jazzraga.com\jazzraga\images\Thumbs.db --> jazzraga.com /home/jazzraga/www/images Thumbs.db
2003.06.16 11:29 B C:\Documents and Settings\kellys\My Documents\Kelly Misc\WEB CLIENTS\jazzraga.com\jazzraga\images\UstadAbdulWaheedkhanChisti.jpg --> jazzraga.com /home/jazzraga/www/images UstadAbdulWaheedkhanChisti.jpg
2003.06.16 11:29 B C:\Documents and Settings\kellys\My Documents\Kelly Misc\WEB CLIENTS\jazzraga.com\jazzraga\images\youngPanditPranNath.jpg --> jazzraga.com /home/jazzraga/www/images youngPanditPranNath.jpg
2003.06.16 11:42 B C:\Documents and Settings\kellys\My Documents\Kelly Misc\WEB CLIENTS\jazzraga.com\DEMO\jazzraga\images\bg_header.jpg --> jazzraga.com /home/jazzraga/www/DEMO/jazzraga/images bg_header.jpg
2003.06.16 11:42 B C:\Documents and Settings\kellys\My Documents\Kelly Misc\WEB CLIENTS\jazzraga.com\DEMO\jazzraga\images\bg_sitar.jpg --> jazzraga.com /home/jazzraga/www/DEMO/jazzraga/images bg_sitar.jpg
2003.06.16 11:42 B C:\Documents and Settings\kellys\My Documents\Kelly Misc\WEB CLIENTS\jazzraga.com\DEMO\jazzraga\images\bgimage.jpg --> jazzraga.com /home/jazzraga/www/DEMO/jazzraga/images bgimage.jpg
2003.06.16 11:42 B C:\Documents and Settings\kellys\My Documents\Kelly Misc\WEB CLIENTS\jazzraga.com\DEMO\jazzraga\images\bgimage3.jpg --> jazzraga.com /home/jazzraga/www/DEMO/jazzraga/images bgimage3.jpg
2003.06.16 11:42 B C:\Documents and Settings\kellys\My Documents\Kelly Misc\WEB CLIENTS\jazzraga.com\DEMO\jazzraga\images\biography.jpg --> jazzraga.com /home/jazzraga/www/DEMO/jazzraga/images biography.jpg
2003.06.16 11:42 B C:\Documents and Settings\kellys\My Documents\Kelly Misc\WEB CLIENTS\jazzraga.com\DEMO\jazzraga\images\blank_spacer.gif --> jazzraga.com /home/jazzraga/www/DEMO/jazzraga/images blank_spacer.gif
2003.06.16 11:42 B C:\Documents and Settings\kellys\My Documents\Kelly Misc\WEB CLIENTS\jazzraga.com\DEMO\jazzraga\images\contact.jpg --> jazzraga.com /home/jazzraga/www/DEMO/jazzraga/images contact.jpg
2003.06.16 11:42 B C:\Documents and Settings\kellys\My Documents\Kelly Misc\WEB CLIENTS\jazzraga.com\DEMO\jazzraga\images\footer.jpg --> jazzraga.com /home/jazzraga/www/DEMO/jazzraga/images footer.jpg
2003.06.16 11:42 B C:\Documents and Settings\kellys\My Documents\Kelly Misc\WEB CLIENTS\jazzraga.com\DEMO\jazzraga\images\footerspacer.gif --> jazzraga.com /home/jazzraga/www/DEMO/jazzraga/images footerspacer.gif
2003.06.16 11:42 B C:\Documents and Settings\kellys\My Documents\Kelly Misc\WEB CLIENTS\jazzraga.com\DEMO\jazzraga\images\HEADER.jpg --> jazzraga.com /home/jazzraga/www/DEMO/jazzraga/images HEADER.jpg
2003.06.16 11:42 B C:\Documents and Settings\kellys\My Documents\Kelly Misc\WEB CLIENTS\jazzraga.com\DEMO\jazzraga\images\herguru.jpg --> jazzraga.com /home/jazzraga/www/DEMO/jazzraga/images herguru.jpg
2003.06.16 11:42 B C:\Documents and Settings\kellys\My Documents\Kelly Misc\WEB CLIENTS\jazzraga.com\DEMO\jazzraga\images\image5UH.jpg --> jazzraga.com /home/jazzraga/www/DEMO/jazzraga/images image5UH.jpg
2003.06.16 11:42 B C:\Documents and Settings\kellys\My Documents\Kelly Misc\WEB CLIENTS\jazzraga.com\DEMO\jazzraga\images\image6AH.jpg --> jazzraga.com /home/jazzraga/www/DEMO/jazzraga/images image6AH.jpg
2003.06.16 11:42 B C:\Documents and Settings\kellys\My Documents\Kelly Misc\WEB CLIENTS\jazzraga.com\DEMO\jazzraga\images\itinerary.jpg --> jazzraga.com /home/jazzraga/www/DEMO/jazzraga/images itinerary.jpg
2003.06.16 11:42 B C:\Documents and Settings\kellys\My Documents\Kelly Misc\WEB CLIENTS\jazzraga.com\DEMO\jazzraga\images\l_nav_spacer.jpg --> jazzraga.com /home/jazzraga/www/DEMO/jazzraga/images l_nav_spacer.jpg
2003.06.16 11:42 B C:\Documents and Settings\kellys\My Documents\Kelly Misc\WEB CLIENTS\jazzraga.com\DEMO\jazzraga\images\lee.jpg --> jazzraga.com /home/jazzraga/www/DEMO/jazzraga/images lee.jpg
2003.06.16 11:42 B C:\Documents and Settings\kellys\My Documents\Kelly Misc\WEB CLIENTS\jazzraga.com\DEMO\jazzraga\images\lee_falls_intothe_Ganges.jpg --> jazzraga.com /home/jazzraga/www/DEMO/jazzraga/images lee_falls_intothe_Ganges.jpg
2003.06.16 11:42 B C:\Documents and Settings\kellys\My Documents\Kelly Misc\WEB CLIENTS\jazzraga.com\DEMO\jazzraga\images\Lee_Guruji_Shabda_kahnRikM.jpg --> jazzraga.com /home/jazzraga/www/DEMO/jazzraga/images Lee_Guruji_Shabda_kahnRikM.jpg
2003.06.16 11:42 B C:\Documents and Settings\kellys\My Documents\Kelly Misc\WEB CLIENTS\jazzraga.com\DEMO\jazzraga\images\Lee_HayatRubardt_Initiatio.jpg --> jazzraga.com /home/jazzraga/www/DEMO/jazzraga/images Lee_HayatRubardt_Initiatio.jpg
2003.06.16 11:42 B C:\Documents and Settings\kellys\My Documents\Kelly Misc\WEB CLIENTS\jazzraga.com\DEMO\jazzraga\images\Lee_MishaMasud_LincolnCen.jpg --> jazzraga.com /home/jazzraga/www/DEMO/jazzraga/images Lee_MishaMasud_LincolnCen.jpg
2003.06.16 11:42 B C:\Documents and Settings\kellys\My Documents\Kelly Misc\WEB CLIENTS\jazzraga.com\DEMO\jazzraga\images\LeeSwingingontheVines.jpg --> jazzraga.com /home/jazzraga/www/DEMO/jazzraga/images LeeSwingingontheVines.jpg
2003.06.16 11:42 B C:\Documents and Settings\kellys\My Documents\Kelly Misc\WEB CLIENTS\jazzraga.com\DEMO\jazzraga\images\LeewithHelenMerrillinJapan.jpg --> jazzraga.com /home/jazzraga/www/DEMO/jazzraga/images LeewithHelenMerrillinJapan.jpg
2003.06.16 11:42 B C:\Documents and Settings\kellys\My Documents\Kelly Misc\WEB CLIENTS\jazzraga.com\DEMO\jazzraga\images\nav_layers.psd --> jazzraga.com /home/jazzraga/www/DEMO/jazzraga/images nav_layers.psd
2003.06.16 11:42 B C:\Documents and Settings\kellys\My Documents\Kelly Misc\WEB CLIENTS\jazzraga.com\DEMO\jazzraga\images\nav_spacer1.jpg --> jazzraga.com /home/jazzraga/www/DEMO/jazzraga/images nav_spacer1.jpg
2003.06.16 11:42 B C:\Documents and Settings\kellys\My Documents\Kelly Misc\WEB CLIENTS\jazzraga.com\DEMO\jazzraga\images\nav_spacer2.jpg --> jazzraga.com /home/jazzraga/www/DEMO/jazzraga/images nav_spacer2.jpg
2003.06.16 11:42 B C:\Documents and Settings\kellys\My Documents\Kelly Misc\WEB CLIENTS\jazzraga.com\DEMO\jazzraga\images\nav_spacer3.jpg --> jazzraga.com /home/jazzraga/www/DEMO/jazzraga/images nav_spacer3.jpg
2003.06.16 11:42 B C:\Documents and Settings\kellys\My Documents\Kelly Misc\WEB CLIENTS\jazzraga.com\DEMO\jazzraga\images\nav_spacer4.jpg --> jazzraga.com /home/jazzraga/www/DEMO/jazzraga/images nav_spacer4.jpg
2003.06.16 11:42 B C:\Documents and Settings\kellys\My Documents\Kelly Misc\WEB CLIENTS\jazzraga.com\DEMO\jazzraga\images\navbio.jpg --> jazzraga.com /home/jazzraga/www/DEMO/jazzraga/images navbio.jpg
2003.06.16 11:42 B C:\Documents and Settings\kellys\My Documents\Kelly Misc\WEB CLIENTS\jazzraga.com\DEMO\jazzraga\images\navbio_roll.jpg --> jazzraga.com /home/jazzraga/www/DEMO/jazzraga/images navbio_roll.jpg
2003.06.16 11:42 B C:\Documents and Settings\kellys\My Documents\Kelly Misc\WEB CLIENTS\jazzraga.com\DEMO\jazzraga\images\navcontact.jpg --> jazzraga.com /home/jazzraga/www/DEMO/jazzraga/images navcontact.jpg
2003.06.16 11:42 B C:\Documents and Settings\kellys\My Documents\Kelly Misc\WEB CLIENTS\jazzraga.com\DEMO\jazzraga\images\navcontact_roll.jpg --> jazzraga.com /home/jazzraga/www/DEMO/jazzraga/images navcontact_roll.jpg
2003.06.16 11:42 B C:\Documents and Settings\kellys\My Documents\Kelly Misc\WEB CLIENTS\jazzraga.com\DEMO\jazzraga\images\navitinerary.jpg --> jazzraga.com /home/jazzraga/www/DEMO/jazzraga/images navitinerary.jpg
2003.06.16 11:42 B C:\Documents and Settings\kellys\My Documents\Kelly Misc\WEB CLIENTS\jazzraga.com\DEMO\jazzraga\images\navitinerary_roll.jpg --> jazzraga.com /home/jazzraga/www/DEMO/jazzraga/images navitinerary_roll.jpg
2003.06.16 11:42 B C:\Documents and Settings\kellys\My Documents\Kelly Misc\WEB CLIENTS\jazzraga.com\DEMO\jazzraga\images\navphoto.jpg --> jazzraga.com /home/jazzraga/www/DEMO/jazzraga/images navphoto.jpg
2003.06.16 11:42 B C:\Documents and Settings\kellys\My Documents\Kelly Misc\WEB CLIENTS\jazzraga.com\DEMO\jazzraga\images\navphoto_roll.jpg --> jazzraga.com /home/jazzraga/www/DEMO/jazzraga/images navphoto_roll.jpg
2003.06.16 11:42 B C:\Documents and Settings\kellys\My Documents\Kelly Misc\WEB CLIENTS\jazzraga.com\DEMO\jazzraga\images\navrecord.jpg --> jazzraga.com /home/jazzraga/www/DEMO/jazzraga/images navrecord.jpg
2003.06.16 11:42 B C:\Documents and Settings\kellys\My Documents\Kelly Misc\WEB CLIENTS\jazzraga.com\DEMO\jazzraga\images\navrecord_roll.jpg --> jazzraga.com /home/jazzraga/www/DEMO/jazzraga/images navrecord_roll.jpg
2003.06.16 11:42 B C:\Documents and Settings\kellys\My Documents\Kelly Misc\WEB CLIENTS\jazzraga.com\DEMO\jazzraga\images\photos.jpg --> jazzraga.com /home/jazzraga/www/DEMO/jazzraga/images photos.jpg
2003.06.16 11:42 B C:\Documents and Settings\kellys\My Documents\Kelly Misc\WEB CLIENTS\jazzraga.com\DEMO\jazzraga\images\recording.jpg --> jazzraga.com /home/jazzraga/www/DEMO/jazzraga/images recording.jpg
2003.06.16 11:42 B C:\Documents and Settings\kellys\My Documents\Kelly Misc\WEB CLIENTS\jazzraga.com\DEMO\jazzraga\images\Thumbs.db --> jazzraga.com /home/jazzraga/www/DEMO/jazzraga/images Thumbs.db
2003.06.16 11:42 B C:\Documents and Settings\kellys\My Documents\Kelly Misc\WEB CLIENTS\jazzraga.com\DEMO\jazzraga\images\UstadAbdulWaheedkhanChisti.jpg --> jazzraga.com /home/jazzraga/www/DEMO/jazzraga/images UstadAbdulWaheedkhanChisti.jpg
2003.06.16 11:42 B C:\Documents and Settings\kellys\My Documents\Kelly Misc\WEB CLIENTS\jazzraga.com\DEMO\jazzraga\images\WS_FTP.LOG --> jazzraga.com /home/jazzraga/www/DEMO/jazzraga/images WS_FTP.LOG
2003.06.16 11:42 B C:\Documents and Settings\kellys\My Documents\Kelly Misc\WEB CLIENTS\jazzraga.com\DEMO\jazzraga\images\youngPanditPranNath.jpg --> jazzraga.com /home/jazzraga/www/DEMO/jazzraga/images youngPanditPranNath.jpg
2003.06.17 11:42 B C:\Documents and Settings\kellys\My Documents\Kelly Misc\WEB CLIENTS\jazzraga.com\DEMO\jazzraga\images\group_India.jpg --> jazzraga.com /home/jazzraga/www/images group_India.jpg
2003.06.17 11:42 B C:\Documents and Settings\kellys\My Documents\Kelly Misc\WEB CLIENTS\jazzraga.com\DEMO\jazzraga\images\sm_group-India.jpg --> jazzraga.com /home/jazzraga/www/images sm_group-India.jpg
2003.06.17 11:42 B C:\Documents and Settings\kellys\My Documents\Kelly Misc\WEB CLIENTS\jazzraga.com\DEMO\jazzraga\images\sm_image5UH.jpg --> jazzraga.com /home/jazzraga/www/images sm_image5UH.jpg
2003.06.17 11:42 B C:\Documents and Settings\kellys\My Documents\Kelly Misc\WEB CLIENTS\jazzraga.com\DEMO\jazzraga\images\sm_lee_falls_intothe_Ganges.jpg --> jazzraga.com /home/jazzraga/www/images sm_lee_falls_intothe_Ganges.jpg
2003.06.17 11:42 B C:\Documents and Settings\kellys\My Documents\Kelly Misc\WEB CLIENTS\jazzraga.com\DEMO\jazzraga\images\sm_Lee_Guruji_Shabda_kahnRi.jpg --> jazzraga.com /home/jazzraga/www/images sm_Lee_Guruji_Shabda_kahnRi.jpg
2003.06.17 11:42 B C:\Documents and Settings\kellys\My Documents\Kelly Misc\WEB CLIENTS\jazzraga.com\DEMO\jazzraga\images\sm_Lee_HayatRubardt_Initiat.jpg --> jazzraga.com /home/jazzraga/www/images sm_Lee_HayatRubardt_Initiat.jpg
2003.06.17 11:42 B C:\Documents and Settings\kellys\My Documents\Kelly Misc\WEB CLIENTS\jazzraga.com\DEMO\jazzraga\images\sm_Lee_MishaMasud_LincolnCe.jpg --> jazzraga.com /home/jazzraga/www/images sm_Lee_MishaMasud_LincolnCe.jpg
2003.06.17 11:42 B C:\Documents and Settings\kellys\My Documents\Kelly Misc\WEB CLIENTS\jazzraga.com\DEMO\jazzraga\images\sm_LeeSwingingontheVines.jpg --> jazzraga.com /home/jazzraga/www/images sm_LeeSwingingontheVines.jpg
2003.06.17 11:42 B C:\Documents and Settings\kellys\My Documents\Kelly Misc\WEB CLIENTS\jazzraga.com\DEMO\jazzraga\images\sm_LeewithHelenMerrillinJap.jpg --> jazzraga.com /home/jazzraga/www/images sm_LeewithHelenMerrillinJap.jpg
2003.06.17 11:42 B C:\Documents and Settings\kellys\My Documents\Kelly Misc\WEB CLIENTS\jazzraga.com\DEMO\jazzraga\images\sm_UstadAbdulWaheedkhanChis.jpg --> jazzraga.com /home/jazzraga/www/images sm_UstadAbdulWaheedkhanChis.jpg
2003.06.17 11:42 B C:\Documents and Settings\kellys\My Documents\Kelly Misc\WEB CLIENTS\jazzraga.com\DEMO\jazzraga\images\sm_youngPanditPranNath.jpg --> jazzraga.com /home/jazzraga/www/images sm_youngPanditPranNath.jpg
2003.06.17 11:43 B C:\Documents and Settings\kellys\My Documents\Kelly Misc\WEB CLIENTS\jazzraga.com\DEMO\jazzraga\images\group_India.jpg --> jazzraga.com /home/jazzraga/www/DEMO/jazzraga/images group_India.jpg
2003.06.17 11:43 B C:\Documents and Settings\kellys\My Documents\Kelly Misc\WEB CLIENTS\jazzraga.com\DEMO\jazzraga\images\sm_group-India.jpg --> jazzraga.com /home/jazzraga/www/DEMO/jazzraga/images sm_group-India.jpg
2003.06.17 11:43 B C:\Documents and Settings\kellys\My Documents\Kelly Misc\WEB CLIENTS\jazzraga.com\DEMO\jazzraga\images\sm_image5UH.jpg --> jazzraga.com /home/jazzraga/www/DEMO/jazzraga/images sm_image5UH.jpg
2003.06.17 11:43 B C:\Documents and Settings\kellys\My Documents\Kelly Misc\WEB CLIENTS\jazzraga.com\DEMO\jazzraga\images\sm_lee_falls_intothe_Ganges.jpg --> jazzraga.com /home/jazzraga/www/DEMO/jazzraga/images sm_lee_falls_intothe_Ganges.jpg
2003.06.17 11:43 B C:\Documents and Settings\kellys\My Documents\Kelly Misc\WEB CLIENTS\jazzraga.com\DEMO\jazzraga\images\sm_Lee_Guruji_Shabda_kahnRi.jpg --> jazzraga.com /home/jazzraga/www/DEMO/jazzraga/images sm_Lee_Guruji_Shabda_kahnRi.jpg
2003.06.17 11:43 B C:\Documents and Settings\kellys\My Documents\Kelly Misc\WEB CLIENTS\jazzraga.com\DEMO\jazzraga\images\sm_Lee_HayatRubardt_Initiat.jpg --> jazzraga.com /home/jazzraga/www/DEMO/jazzraga/images sm_Lee_HayatRubardt_Initiat.jpg
2003.06.17 11:43 B C:\Documents and Settings\kellys\My Documents\Kelly Misc\WEB CLIENTS\jazzraga.com\DEMO\jazzraga\images\sm_Lee_MishaMasud_LincolnCe.jpg --> jazzraga.com /home/jazzraga/www/DEMO/jazzraga/images sm_Lee_MishaMasud_LincolnCe.jpg
2003.06.17 11:43 B C:\Documents and Settings\kellys\My Documents\Kelly Misc\WEB CLIENTS\jazzraga.com\DEMO\jazzraga\images\sm_LeeSwingingontheVines.jpg --> jazzraga.com /home/jazzraga/www/DEMO/jazzraga/images sm_LeeSwingingontheVines.jpg
2003.06.17 11:43 B C:\Documents and Settings\kellys\My Documents\Kelly Misc\WEB CLIENTS\jazzraga.com\DEMO\jazzraga\images\sm_LeewithHelenMerrillinJap.jpg --> jazzraga.com /home/jazzraga/www/DEMO/jazzraga/images sm_LeewithHelenMerrillinJap.jpg
2003.06.17 11:43 B C:\Documents and Settings\kellys\My Documents\Kelly Misc\WEB CLIENTS\jazzraga.com\DEMO\jazzraga\images\sm_UstadAbdulWaheedkhanChis.jpg --> jazzraga.com /home/jazzraga/www/DEMO/jazzraga/images sm_UstadAbdulWaheedkhanChis.jpg
2003.06.17 11:43 B C:\Documents and Settings\kellys\My Documents\Kelly Misc\WEB CLIENTS\jazzraga.com\DEMO\jazzraga\images\sm_youngPanditPranNath.jpg --> jazzraga.com /home/jazzraga/www/DEMO/jazzraga/images sm_youngPanditPranNath.jpg
2003.06.18 09:37 B C:\Documents and Settings\kellys\My Documents\Kelly Misc\WEB CLIENTS\jazzraga.com\DEMO\jazzraga\images\cd_backcover.jpg --> jazzraga.com /home/jazzraga/www/DEMO/jazzraga/images cd_backcover.jpg
2003.06.19 15:47 B C:\Documents and Settings\kellys\My Documents\Kelly Misc\WEB CLIENTS\jazzraga.com\DEMO\jazzraga\images\paypal_logo.gif --> jazzraga.com /home/jazzraga/www/DEMO/jazzraga/images paypal_logo.gif
2003.06.20 13:33 B C:\Documents and Settings\kellys\My Documents\Kelly Misc\WEB CLIENTS\jazzraga.com\DEMO\jazzraga\images\bg_tamoura.jpg --> jazzraga.com /home/jazzraga/www/DEMO/jazzraga/images bg_tamoura.jpg
2003.06.20 15:42 B C:\Documents and Settings\kellys\My Documents\Kelly Misc\WEB CLIENTS\jazzraga.com\DEMO\jazzraga\images\glamour.jpg --> jazzraga.com /home/jazzraga/www/DEMO/jazzraga/images glamour.jpg
2003.06.20 15:42 B C:\Documents and Settings\kellys\My Documents\Kelly Misc\WEB CLIENTS\jazzraga.com\DEMO\jazzraga\images\webterry_lympzranch.jpg --> jazzraga.com /home/jazzraga/www/DEMO/jazzraga/images webterry_lympzranch.jpg
2003.06.20 15:42 B C:\Documents and Settings\kellys\My Documents\Kelly Misc\WEB CLIENTS\jazzraga.com\DEMO\jazzraga\images\sm_webterry_lympzranch.jpg --> jazzraga.com /home/jazzraga/www/DEMO/jazzraga/images sm_webterry_lympzranch.jpg
2003.06.20 15:42 B C:\Documents and Settings\kellys\My Documents\Kelly Misc\WEB CLIENTS\jazzraga.com\DEMO\jazzraga\images\bg_tamoura.jpg --> jazzraga.com /home/jazzraga/www/DEMO/jazzraga/images bg_tamoura.jpg
2003.06.23 10:07 B C:\Documents and Settings\kellys\My Documents\Kelly Misc\WEB CLIENTS\jazzraga.com\DEMO\jazzraga\images\cd_backcover.jpg --> jazzraga.com /home/jazzraga/www/DEMO/jazzraga/images cd_backcover.jpg
2003.06.24 09:51 B C:\Documents and Settings\kellys\My Documents\Kelly Misc\WEB CLIENTS\jazzraga.com\DEMO\jazzraga\images\bg_tamoura.jpg --> jazzraga.com /home/jazzraga/www/DEMO/jazzraga/images bg_tamoura.jpg
2003.06.24 09:51 B C:\Documents and Settings\kellys\My Documents\Kelly Misc\WEB CLIENTS\jazzraga.com\DEMO\jazzraga\images\glamour.jpg --> jazzraga.com /home/jazzraga/www/DEMO/jazzraga/images glamour.jpg
2003.06.30 16:08 B C:\Documents and Settings\kellys\My Documents\Kelly Misc\WEB CLIENTS\jazzraga.com\DEMO\jazzraga\images\bg_header.jpg --> jazzraga.com /home/jazzraga/www/DEMO/jazzraga/images bg_header.jpg
2003.06.30 16:08 B C:\Documents and Settings\kellys\My Documents\Kelly Misc\WEB CLIENTS\jazzraga.com\DEMO\jazzraga\images\bg_sitar.jpg --> jazzraga.com /home/jazzraga/www/DEMO/jazzraga/images bg_sitar.jpg
2003.06.30 16:08 B C:\Documents and Settings\kellys\My Documents\Kelly Misc\WEB CLIENTS\jazzraga.com\DEMO\jazzraga\images\bg_tamoura.jpg --> jazzraga.com /home/jazzraga/www/DEMO/jazzraga/images bg_tamoura.jpg
2003.06.30 16:08 B C:\Documents and Settings\kellys\My Documents\Kelly Misc\WEB CLIENTS\jazzraga.com\DEMO\jazzraga\images\bgimage.jpg --> jazzraga.com /home/jazzraga/www/DEMO/jazzraga/images bgimage.jpg
2003.06.30 16:08 B C:\Documents and Settings\kellys\My Documents\Kelly Misc\WEB CLIENTS\jazzraga.com\DEMO\jazzraga\images\bgimage3.jpg --> jazzraga.com /home/jazzraga/www/DEMO/jazzraga/images bgimage3.jpg
2003.06.30 16:08 B C:\Documents and Settings\kellys\My Documents\Kelly Misc\WEB CLIENTS\jazzraga.com\DEMO\jazzraga\images\biography.jpg --> jazzraga.com /home/jazzraga/www/DEMO/jazzraga/images biography.jpg
2003.06.30 16:08 B C:\Documents and Settings\kellys\My Documents\Kelly Misc\WEB CLIENTS\jazzraga.com\DEMO\jazzraga\images\blank_spacer.gif --> jazzraga.com /home/jazzraga/www/DEMO/jazzraga/images blank_spacer.gif
2003.06.30 16:08 B C:\Documents and Settings\kellys\My Documents\Kelly Misc\WEB CLIENTS\jazzraga.com\DEMO\jazzraga\images\cd_backcover.jpg --> jazzraga.com /home/jazzraga/www/DEMO/jazzraga/images cd_backcover.jpg
2003.06.30 16:08 B C:\Documents and Settings\kellys\My Documents\Kelly Misc\WEB CLIENTS\jazzraga.com\DEMO\jazzraga\images\contact.jpg --> jazzraga.com /home/jazzraga/www/DEMO/jazzraga/images contact.jpg
2003.06.30 16:08 B C:\Documents and Settings\kellys\My Documents\Kelly Misc\WEB CLIENTS\jazzraga.com\DEMO\jazzraga\images\footer.jpg --> jazzraga.com /home/jazzraga/www/DEMO/jazzraga/images footer.jpg
2003.06.30 16:08 B C:\Documents and Settings\kellys\My Documents\Kelly Misc\WEB CLIENTS\jazzraga.com\DEMO\jazzraga\images\footerspacer.gif --> jazzraga.com /home/jazzraga/www/DEMO/jazzraga/images footerspacer.gif
2003.06.30 16:08 B C:\Documents and Settings\kellys\My Documents\Kelly Misc\WEB CLIENTS\jazzraga.com\DEMO\jazzraga\images\glamour.jpg --> jazzraga.com /home/jazzraga/www/DEMO/jazzraga/images glamour.jpg
2003.06.30 16:08 B C:\Documents and Settings\kellys\My Documents\Kelly Misc\WEB CLIENTS\jazzraga.com\DEMO\jazzraga\images\group_India.jpg --> jazzraga.com /home/jazzraga/www/DEMO/jazzraga/images group_India.jpg
2003.06.30 16:08 B C:\Documents and Settings\kellys\My Documents\Kelly Misc\WEB CLIENTS\jazzraga.com\DEMO\jazzraga\images\HEADER.jpg --> jazzraga.com /home/jazzraga/www/DEMO/jazzraga/images HEADER.jpg
2003.06.30 16:08 B C:\Documents and Settings\kellys\My Documents\Kelly Misc\WEB CLIENTS\jazzraga.com\DEMO\jazzraga\images\herguru.jpg --> jazzraga.com /home/jazzraga/www/DEMO/jazzraga/images herguru.jpg
2003.06.30 16:08 B C:\Documents and Settings\kellys\My Documents\Kelly Misc\WEB CLIENTS\jazzraga.com\DEMO\jazzraga\images\image5UH.jpg --> jazzraga.com /home/jazzraga/www/DEMO/jazzraga/images image5UH.jpg
2003.06.30 16:08 B C:\Documents and Settings\kellys\My Documents\Kelly Misc\WEB CLIENTS\jazzraga.com\DEMO\jazzraga\images\image6AH.jpg --> jazzraga.com /home/jazzraga/www/DEMO/jazzraga/images image6AH.jpg
2003.06.30 16:08 B C:\Documents and Settings\kellys\My Documents\Kelly Misc\WEB CLIENTS\jazzraga.com\DEMO\jazzraga\images\inspiration.gif --> jazzraga.com /home/jazzraga/www/DEMO/jazzraga/images inspiration.gif
2003.06.30 16:08 B C:\Documents and Settings\kellys\My Documents\Kelly Misc\WEB CLIENTS\jazzraga.com\DEMO\jazzraga\images\inspiration.jpg --> jazzraga.com /home/jazzraga/www/DEMO/jazzraga/images inspiration.jpg
2003.06.30 16:08 B C:\Documents and Settings\kellys\My Documents\Kelly Misc\WEB CLIENTS\jazzraga.com\DEMO\jazzraga\images\inspiration_roll.gif --> jazzraga.com /home/jazzraga/www/DEMO/jazzraga/images inspiration_roll.gif
2003.06.30 16:08 B C:\Documents and Settings\kellys\My Documents\Kelly Misc\WEB CLIENTS\jazzraga.com\DEMO\jazzraga\images\itinerary.gif --> jazzraga.com /home/jazzraga/www/DEMO/jazzraga/images itinerary.gif
2003.06.30 16:08 B C:\Documents and Settings\kellys\My Documents\Kelly Misc\WEB CLIENTS\jazzraga.com\DEMO\jazzraga\images\itinerary.jpg --> jazzraga.com /home/jazzraga/www/DEMO/jazzraga/images itinerary.jpg
2003.06.30 16:08 B C:\Documents and Settings\kellys\My Documents\Kelly Misc\WEB CLIENTS\jazzraga.com\DEMO\jazzraga\images\itinerary_roll.gif --> jazzraga.com /home/jazzraga/www/DEMO/jazzraga/images itinerary_roll.gif
2003.06.30 16:08 B C:\Documents and Settings\kellys\My Documents\Kelly Misc\WEB CLIENTS\jazzraga.com\DEMO\jazzraga\images\l_nav_spacer.jpg --> jazzraga.com /home/jazzraga/www/DEMO/jazzraga/images l_nav_spacer.jpg
2003.06.30 16:08 B C:\Documents and Settings\kellys\My Documents\Kelly Misc\WEB CLIENTS\jazzraga.com\DEMO\jazzraga\images\lee.jpg --> jazzraga.com /home/jazzraga/www/DEMO/jazzraga/images lee.jpg
2003.06.30 16:08 B C:\Documents and Settings\kellys\My Documents\Kelly Misc\WEB CLIENTS\jazzraga.com\DEMO\jazzraga\images\lee_falls_intothe_Ganges.jpg --> jazzraga.com /home/jazzraga/www/DEMO/jazzraga/images lee_falls_intothe_Ganges.jpg
2003.06.30 16:08 B C:\Documents and Settings\kellys\My Documents\Kelly Misc\WEB CLIENTS\jazzraga.com\DEMO\jazzraga\images\Lee_Guruji_Shabda_kahnRikM.jpg --> jazzraga.com /home/jazzraga/www/DEMO/jazzraga/images Lee_Guruji_Shabda_kahnRikM.jpg
2003.06.30 16:08 B C:\Documents and Settings\kellys\My Documents\Kelly Misc\WEB CLIENTS\jazzraga.com\DEMO\jazzraga\images\Lee_HayatRubardt_Initiatio.jpg --> jazzraga.com /home/jazzraga/www/DEMO/jazzraga/images Lee_HayatRubardt_Initiatio.jpg
2003.06.30 16:08 B C:\Documents and Settings\kellys\My Documents\Kelly Misc\WEB CLIENTS\jazzraga.com\DEMO\jazzraga\images\Lee_MishaMasud_LincolnCen.jpg --> jazzraga.com /home/jazzraga/www/DEMO/jazzraga/images Lee_MishaMasud_LincolnCen.jpg
2003.06.30 16:08 B C:\Documents and Settings\kellys\My Documents\Kelly Misc\WEB CLIENTS\jazzraga.com\DEMO\jazzraga\images\LeeSwingingontheVines.jpg --> jazzraga.com /home/jazzraga/www/DEMO/jazzraga/images LeeSwingingontheVines.jpg
2003.06.30 16:08 B C:\Documents and Settings\kellys\My Documents\Kelly Misc\WEB CLIENTS\jazzraga.com\DEMO\jazzraga\images\LeewithHelenMerrillinJapan.jpg --> jazzraga.com /home/jazzraga/www/DEMO/jazzraga/images LeewithHelenMerrillinJapan.jpg
2003.06.30 16:08 B C:\Documents and Settings\kellys\My Documents\Kelly Misc\WEB CLIENTS\jazzraga.com\DEMO\jazzraga\images\lotus.jpg --> jazzraga.com /home/jazzraga/www/DEMO/jazzraga/images lotus.jpg
2003.06.30 16:08 B C:\Documents and Settings\kellys\My Documents\Kelly Misc\WEB CLIENTS\jazzraga.com\DEMO\jazzraga\images\nav_layers.psd --> jazzraga.com /home/jazzraga/www/DEMO/jazzraga/images nav_layers.psd
2003.06.30 16:08 B C:\Documents and Settings\kellys\My Documents\Kelly Misc\WEB CLIENTS\jazzraga.com\DEMO\jazzraga\images\nav_spacer1.jpg --> jazzraga.com /home/jazzraga/www/DEMO/jazzraga/images nav_spacer1.jpg
2003.06.30 16:08 B C:\Documents and Settings\kellys\My Documents\Kelly Misc\WEB CLIENTS\jazzraga.com\DEMO\jazzraga\images\nav_spacer2.jpg --> jazzraga.com /home/jazzraga/www/DEMO/jazzraga/images nav_spacer2.jpg
2003.06.30 16:08 B C:\Documents and Settings\kellys\My Documents\Kelly Misc\WEB CLIENTS\jazzraga.com\DEMO\jazzraga\images\nav_spacer3.jpg --> jazzraga.com /home/jazzraga/www/DEMO/jazzraga/images nav_spacer3.jpg
2003.06.30 16:08 B C:\Documents and Settings\kellys\My Documents\Kelly Misc\WEB CLIENTS\jazzraga.com\DEMO\jazzraga\images\nav_spacer4.jpg --> jazzraga.com /home/jazzraga/www/DEMO/jazzraga/images nav_spacer4.jpg
2003.06.30 16:08 B C:\Documents and Settings\kellys\My Documents\Kelly Misc\WEB CLIENTS\jazzraga.com\DEMO\jazzraga\images\navbio.gif --> jazzraga.com /home/jazzraga/www/DEMO/jazzraga/images navbio.gif
2003.06.30 16:08 B C:\Documents and Settings\kellys\My Documents\Kelly Misc\WEB CLIENTS\jazzraga.com\DEMO\jazzraga\images\navbio.jpg --> jazzraga.com /home/jazzraga/www/DEMO/jazzraga/images navbio.jpg
2003.06.30 16:08 B C:\Documents and Settings\kellys\My Documents\Kelly Misc\WEB CLIENTS\jazzraga.com\DEMO\jazzraga\images\navbio_roll.gif --> jazzraga.com /home/jazzraga/www/DEMO/jazzraga/images navbio_roll.gif
2003.06.30 16:08 B C:\Documents and Settings\kellys\My Documents\Kelly Misc\WEB CLIENTS\jazzraga.com\DEMO\jazzraga\images\navbio_roll.jpg --> jazzraga.com /home/jazzraga/www/DEMO/jazzraga/images navbio_roll.jpg
2003.06.30 16:08 B C:\Documents and Settings\kellys\My Documents\Kelly Misc\WEB CLIENTS\jazzraga.com\DEMO\jazzraga\images\navcontact.jpg --> jazzraga.com /home/jazzraga/www/DEMO/jazzraga/images navcontact.jpg
2003.06.30 16:08 B C:\Documents and Settings\kellys\My Documents\Kelly Misc\WEB CLIENTS\jazzraga.com\DEMO\jazzraga\images\navcontact_roll.jpg --> jazzraga.com /home/jazzraga/www/DEMO/jazzraga/images navcontact_roll.jpg
2003.06.30 16:08 B C:\Documents and Settings\kellys\My Documents\Kelly Misc\WEB CLIENTS\jazzraga.com\DEMO\jazzraga\images\navitinerary.jpg --> jazzraga.com /home/jazzraga/www/DEMO/jazzraga/images navitinerary.jpg
2003.06.30 16:08 B C:\Documents and Settings\kellys\My Documents\Kelly Misc\WEB CLIENTS\jazzraga.com\DEMO\jazzraga\images\navitinerary_roll.jpg --> jazzraga.com /home/jazzraga/www/DEMO/jazzraga/images navitinerary_roll.jpg
2003.06.30 16:08 B C:\Documents and Settings\kellys\My Documents\Kelly Misc\WEB CLIENTS\jazzraga.com\DEMO\jazzraga\images\navphoto.jpg --> jazzraga.com /home/jazzraga/www/DEMO/jazzraga/images navphoto.jpg
2003.06.30 16:08 B C:\Documents and Settings\kellys\My Documents\Kelly Misc\WEB CLIENTS\jazzraga.com\DEMO\jazzraga\images\navphoto_roll.jpg --> jazzraga.com /home/jazzraga/www/DEMO/jazzraga/images navphoto_roll.jpg
2003.06.30 16:08 B C:\Documents and Settings\kellys\My Documents\Kelly Misc\WEB CLIENTS\jazzraga.com\DEMO\jazzraga\images\navrecord.jpg --> jazzraga.com /home/jazzraga/www/DEMO/jazzraga/images navrecord.jpg
2003.06.30 16:08 B C:\Documents and Settings\kellys\My Documents\Kelly Misc\WEB CLIENTS\jazzraga.com\DEMO\jazzraga\images\navrecord_roll.jpg --> jazzraga.com /home/jazzraga/www/DEMO/jazzraga/images navrecord_roll.jpg
2003.06.30 16:08 B C:\Documents and Settings\kellys\My Documents\Kelly Misc\WEB CLIENTS\jazzraga.com\DEMO\jazzraga\images\NEWnav_layers copy 2.psd --> jazzraga.com /home/jazzraga/www/DEMO/jazzraga/images NEWnav_layers copy 2.psd
2003.06.30 16:08 B C:\Documents and Settings\kellys\My Documents\Kelly Misc\WEB CLIENTS\jazzraga.com\DEMO\jazzraga\images\NEWnav_layers roll.psd --> jazzraga.com /home/jazzraga/www/DEMO/jazzraga/images NEWnav_layers roll.psd
2003.06.30 16:08 B C:\Documents and Settings\kellys\My Documents\Kelly Misc\WEB CLIENTS\jazzraga.com\DEMO\jazzraga\images\paypal_logo.gif --> jazzraga.com /home/jazzraga/www/DEMO/jazzraga/images paypal_logo.gif
2003.06.30 16:08 B C:\Documents and Settings\kellys\My Documents\Kelly Misc\WEB CLIENTS\jazzraga.com\DEMO\jazzraga\images\photos.gif --> jazzraga.com /home/jazzraga/www/DEMO/jazzraga/images photos.gif
2003.06.30 16:08 B C:\Documents and Settings\kellys\My Documents\Kelly Misc\WEB CLIENTS\jazzraga.com\DEMO\jazzraga\images\photos.jpg --> jazzraga.com /home/jazzraga/www/DEMO/jazzraga/images photos.jpg
2003.06.30 16:08 B C:\Documents and Settings\kellys\My Documents\Kelly Misc\WEB CLIENTS\jazzraga.com\DEMO\jazzraga\images\photos_roll.gif --> jazzraga.com /home/jazzraga/www/DEMO/jazzraga/images photos_roll.gif
2003.06.30 16:08 B C:\Documents and Settings\kellys\My Documents\Kelly Misc\WEB CLIENTS\jazzraga.com\DEMO\jazzraga\images\recording.jpg --> jazzraga.com /home/jazzraga/www/DEMO/jazzraga/images recording.jpg
2003.06.30 16:08 B C:\Documents and Settings\kellys\My Documents\Kelly Misc\WEB CLIENTS\jazzraga.com\DEMO\jazzraga\images\recordings.gif --> jazzraga.com /home/jazzraga/www/DEMO/jazzraga/images recordings.gif
2003.06.30 16:08 B C:\Documents and Settings\kellys\My Documents\Kelly Misc\WEB CLIENTS\jazzraga.com\DEMO\jazzraga\images\recordings_roll.gif --> jazzraga.com /home/jazzraga/www/DEMO/jazzraga/images recordings_roll.gif
2003.06.30 16:08 B C:\Documents and Settings\kellys\My Documents\Kelly Misc\WEB CLIENTS\jazzraga.com\DEMO\jazzraga\images\sm_group-India.jpg --> jazzraga.com /home/jazzraga/www/DEMO/jazzraga/images sm_group-India.jpg
2003.06.30 16:08 B C:\Documents and Settings\kellys\My Documents\Kelly Misc\WEB CLIENTS\jazzraga.com\DEMO\jazzraga\images\sm_image5UH.jpg --> jazzraga.com /home/jazzraga/www/DEMO/jazzraga/images sm_image5UH.jpg
2003.06.30 16:08 B C:\Documents and Settings\kellys\My Documents\Kelly Misc\WEB CLIENTS\jazzraga.com\DEMO\jazzraga\images\sm_lee_falls_intothe_Ganges.jpg --> jazzraga.com /home/jazzraga/www/DEMO/jazzraga/images sm_lee_falls_intothe_Ganges.jpg
2003.06.30 16:08 B C:\Documents and Settings\kellys\My Documents\Kelly Misc\WEB CLIENTS\jazzraga.com\DEMO\jazzraga\images\sm_Lee_Guruji_Shabda_kahnRi.jpg --> jazzraga.com /home/jazzraga/www/DEMO/jazzraga/images sm_Lee_Guruji_Shabda_kahnRi.jpg
2003.06.30 16:08 B C:\Documents and Settings\kellys\My Documents\Kelly Misc\WEB CLIENTS\jazzraga.com\DEMO\jazzraga\images\sm_Lee_HayatRubardt_Initiat.jpg --> jazzraga.com /home/jazzraga/www/DEMO/jazzraga/images sm_Lee_HayatRubardt_Initiat.jpg
2003.06.30 16:08 B C:\Documents and Settings\kellys\My Documents\Kelly Misc\WEB CLIENTS\jazzraga.com\DEMO\jazzraga\images\sm_Lee_MishaMasud_LincolnCe.jpg --> jazzraga.com /home/jazzraga/www/DEMO/jazzraga/images sm_Lee_MishaMasud_LincolnCe.jpg
2003.06.30 16:08 B C:\Documents and Settings\kellys\My Documents\Kelly Misc\WEB CLIENTS\jazzraga.com\DEMO\jazzraga\images\sm_LeeSwingingontheVines.jpg --> jazzraga.com /home/jazzraga/www/DEMO/jazzraga/images sm_LeeSwingingontheVines.jpg
2003.06.30 16:08 B C:\Documents and Settings\kellys\My Documents\Kelly Misc\WEB CLIENTS\jazzraga.com\DEMO\jazzraga\images\sm_LeewithHelenMerrillinJap.jpg --> jazzraga.com /home/jazzraga/www/DEMO/jazzraga/images sm_LeewithHelenMerrillinJap.jpg
2003.06.30 16:08 B C:\Documents and Settings\kellys\My Documents\Kelly Misc\WEB CLIENTS\jazzraga.com\DEMO\jazzraga\images\sm_UstadAbdulWaheedkhanChis.jpg --> jazzraga.com /home/jazzraga/www/DEMO/jazzraga/images sm_UstadAbdulWaheedkhanChis.jpg
2003.06.30 16:08 B C:\Documents and Settings\kellys\My Documents\Kelly Misc\WEB CLIENTS\jazzraga.com\DEMO\jazzraga\images\sm_webterry_lympzranch.jpg --> jazzraga.com /home/jazzraga/www/DEMO/jazzraga/images sm_webterry_lympzranch.jpg
2003.06.30 16:08 B C:\Documents and Settings\kellys\My Documents\Kelly Misc\WEB CLIENTS\jazzraga.com\DEMO\jazzraga\images\sm_youngPanditPranNath.jpg --> jazzraga.com /home/jazzraga/www/DEMO/jazzraga/images sm_youngPanditPranNath.jpg
2003.06.30 16:08 B C:\Documents and Settings\kellys\My Documents\Kelly Misc\WEB CLIENTS\jazzraga.com\DEMO\jazzraga\images\spacer_1.gif --> jazzraga.com /home/jazzraga/www/DEMO/jazzraga/images spacer_1.gif
2003.06.30 16:08 B C:\Documents and Settings\kellys\My Documents\Kelly Misc\WEB CLIENTS\jazzraga.com\DEMO\jazzraga\images\spacer_2.gif --> jazzraga.com /home/jazzraga/www/DEMO/jazzraga/images spacer_2.gif
2003.06.30 16:08 B C:\Documents and Settings\kellys\My Documents\Kelly Misc\WEB CLIENTS\jazzraga.com\DEMO\jazzraga\images\spacer_3.gif --> jazzraga.com /home/jazzraga/www/DEMO/jazzraga/images spacer_3.gif
2003.06.30 16:08 B C:\Documents and Settings\kellys\My Documents\Kelly Misc\WEB CLIENTS\jazzraga.com\DEMO\jazzraga\images\spacer_4.gif --> jazzraga.com /home/jazzraga/www/DEMO/jazzraga/images spacer_4.gif
2003.06.30 16:08 B C:\Documents and Settings\kellys\My Documents\Kelly Misc\WEB CLIENTS\jazzraga.com\DEMO\jazzraga\images\Thumbs.db --> jazzraga.com /home/jazzraga/www/DEMO/jazzraga/images Thumbs.db
2003.06.30 16:08 B C:\Documents and Settings\kellys\My Documents\Kelly Misc\WEB CLIENTS\jazzraga.com\DEMO\jazzraga\images\UstadAbdulWaheedkhanChisti.jpg --> jazzraga.com /home/jazzraga/www/DEMO/jazzraga/images UstadAbdulWaheedkhanChisti.jpg
2003.06.30 16:08 B C:\Documents and Settings\kellys\My Documents\Kelly Misc\WEB CLIENTS\jazzraga.com\DEMO\jazzraga\images\webterry_lympzranch.jpg --> jazzraga.com /home/jazzraga/www/DEMO/jazzraga/images webterry_lympzranch.jpg
